# JRE version: Java(TM) SE Runtime Environment (20.0.2+9) (build 20.0.2+9-78)
# Java VM: Java HotSpot(TM) 64-Bit Server VM (20.0.2+9-78, mixed mode, sharing, tiered, compressed oops, compressed class ptrs, g1 gc, windows-amd64)
GC Precious Log:
 CardTable entry size: 512
 Card Set container configuration: InlinePtr #cards 4 size 8 Array Of Cards #cards 64 size 144 Howl #buckets 8 coarsen threshold 14745 Howl Bitmap #cards 2048 size 272 coarsen threshold 1843 Card regions per heap region 1 cards per card region 16384
 CPUs: 12 total, 12 available
 Memory: 16306M
 Large Page Support: Disabled
 NUMA Support: Disabled
 Compressed Oops: Enabled (Zero based)
 Heap Region Size: 8M
 Heap Min Capacity: 8M
 Heap Initial Capacity: 256M
 Heap Max Capacity: 12G
 Pre-touch: Disabled
 Parallel Workers: 10
 Concurrent Workers: 3
 Concurrent Refinement Workers: 10
 Periodic GC: Disabled
Heap:
 garbage-first heap   total 1179648K, used 418756K [0x0000000500000000, 0x0000000800000000)
  region size 8192K, 3 young (24576K), 3 survivors (24576K)
 Metaspace       used 146255K, committed 148352K, reserved 1179648K
  class space    used 17678K, committed 18560K, reserved 1048576K
GC Heap History (20 events):
Event: 253.584 GC heap after
{Heap after GC invocations=542 (full 0):
 garbage-first heap   total 1155072K, used 300623K [0x0000000500000000, 0x0000000800000000)
  region size 8192K, 2 young (16384K), 2 survivors (16384K)
 Metaspace       used 146247K, committed 148352K, reserved 1179648K
  class space    used 17678K, committed 18560K, reserved 1048576K
}
Event: 254.135 GC heap before
{Heap before GC invocations=542 (full 0):
 garbage-first heap   total 1155072K, used 685647K [0x0000000500000000, 0x0000000800000000)
  region size 8192K, 39 young (319488K), 2 survivors (16384K)
 Metaspace       used 146251K, committed 148352K, reserved 1179648K
  class space    used 17678K, committed 18560K, reserved 1048576K
}
Event: 254.138 GC heap after
{Heap after GC invocations=543 (full 0):
 garbage-first heap   total 1155072K, used 301594K [0x0000000500000000, 0x0000000800000000)
  region size 8192K, 2 young (16384K), 2 survivors (16384K)
 Metaspace       used 146251K, committed 148352K, reserved 1179648K
  class space    used 17678K, committed 18560K, reserved 1048576K
}
Event: 254.998 GC heap before
{Heap before GC invocations=543 (full 0):
 garbage-first heap   total 1155072K, used 1038874K [0x0000000500000000, 0x0000000800000000)
  region size 8192K, 84 young (688128K), 2 survivors (16384K)
 Metaspace       used 146252K, committed 148352K, reserved 1179648K
  class space    used 17678K, committed 18560K, reserved 1048576K
}
Event: 255.004 GC heap after
{Heap after GC invocations=544 (full 0):
 garbage-first heap   total 1155072K, used 315670K [0x0000000500000000, 0x0000000800000000)
  region size 8192K, 4 young (32768K), 4 survivors (32768K)
 Metaspace       used 146252K, committed 148352K, reserved 1179648K
  class space    used 17678K, committed 18560K, reserved 1048576K
}
Event: 255.527 GC heap before
{Heap before GC invocations=544 (full 0):
 garbage-first heap   total 1155072K, used 987414K [0x0000000500000000, 0x0000000800000000)
  region size 8192K, 84 young (688128K), 4 survivors (32768K)
 Metaspace       used 146252K, committed 148352K, reserved 1179648K
  class space    used 17678K, committed 18560K, reserved 1048576K
}
Event: 255.534 GC heap after
{Heap after GC invocations=545 (full 0):
 garbage-first heap   total 1155072K, used 328343K [0x0000000500000000, 0x0000000800000000)
  region size 8192K, 5 young (40960K), 5 survivors (40960K)
 Metaspace       used 146252K, committed 148352K, reserved 1179648K
  class space    used 17678K, committed 18560K, reserved 1048576K
}
Event: 255.881 GC heap before
{Heap before GC invocations=545 (full 0):
 garbage-first heap   total 1155072K, used 991895K [0x0000000500000000, 0x0000000800000000)
  region size 8192K, 84 young (688128K), 5 survivors (40960K)
 Metaspace       used 146252K, committed 148352K, reserved 1179648K
  class space    used 17678K, committed 18560K, reserved 1048576K
}
Event: 255.910 GC heap after
{Heap after GC invocations=546 (full 0):
 garbage-first heap   total 1179648K, used 463654K [0x0000000500000000, 0x0000000800000000)
  region size 8192K, 11 young (90112K), 11 survivors (90112K)
 Metaspace       used 146252K, committed 148352K, reserved 1179648K
  class space    used 17678K, committed 18560K, reserved 1048576K
}
Event: 256.338 GC heap before
{Heap before GC invocations=546 (full 0):
 garbage-first heap   total 1179648K, used 979750K [0x0000000500000000, 0x0000000800000000)
  region size 8192K, 73 young (598016K), 11 survivors (90112K)
 Metaspace       used 146252K, committed 148352K, reserved 1179648K
  class space    used 17678K, committed 18560K, reserved 1048576K
}
Event: 256.350 GC heap after
{Heap after GC invocations=547 (full 0):
 garbage-first heap   total 1179648K, used 444882K [0x0000000500000000, 0x0000000800000000)
  region size 8192K, 6 young (49152K), 6 survivors (49152K)
 Metaspace       used 146252K, committed 148352K, reserved 1179648K
  class space    used 17678K, committed 18560K, reserved 1048576K
}
Event: 257.049 GC heap before
{Heap before GC invocations=547 (full 0):
 garbage-first heap   total 1179648K, used 1042898K [0x0000000500000000, 0x0000000800000000)
  region size 8192K, 71 young (581632K), 6 survivors (49152K)
 Metaspace       used 146255K, committed 148352K, reserved 1179648K
  class space    used 17678K, committed 18560K, reserved 1048576K
}
Event: 257.053 GC heap after
{Heap after GC invocations=548 (full 0):
 garbage-first heap   total 1179648K, used 417224K [0x0000000500000000, 0x0000000800000000)
  region size 8192K, 3 young (24576K), 3 survivors (24576K)
 Metaspace       used 146255K, committed 148352K, reserved 1179648K
  class space    used 17678K, committed 18560K, reserved 1048576K
}
Event: 257.333 GC heap before
{Heap before GC invocations=548 (full 0):
 garbage-first heap   total 1179648K, used 613832K [0x0000000500000000, 0x0000000800000000)
  region size 8192K, 22 young (180224K), 3 survivors (24576K)
 Metaspace       used 146255K, committed 148352K, reserved 1179648K
  class space    used 17678K, committed 18560K, reserved 1048576K
}
Event: 257.336 GC heap after
{Heap after GC invocations=549 (full 0):
 garbage-first heap   total 1179648K, used 413697K [0x0000000500000000, 0x0000000800000000)
  region size 8192K, 2 young (16384K), 2 survivors (16384K)
 Metaspace       used 146255K, committed 148352K, reserved 1179648K
  class space    used 17678K, committed 18560K, reserved 1048576K
}
Event: 257.447 GC heap before
{Heap before GC invocations=549 (full 0):
 garbage-first heap   total 1179648K, used 577537K [0x0000000500000000, 0x0000000800000000)
  region size 8192K, 21 young (172032K), 2 survivors (16384K)
 Metaspace       used 146255K, committed 148352K, reserved 1179648K
  class space    used 17678K, committed 18560K, reserved 1048576K
}
Event: 257.449 GC heap after
{Heap after GC invocations=550 (full 0):
 garbage-first heap   total 1179648K, used 413269K [0x0000000500000000, 0x0000000800000000)
  region size 8192K, 2 young (16384K), 2 survivors (16384K)
 Metaspace       used 146255K, committed 148352K, reserved 1179648K
  class space    used 17678K, committed 18560K, reserved 1048576K
}
Event: 257.462 GC heap before
{Heap before GC invocations=550 (full 0):
 garbage-first heap   total 1179648K, used 429653K [0x0000000500000000, 0x0000000800000000)
  region size 8192K, 4 young (32768K), 2 survivors (16384K)
 Metaspace       used 146255K, committed 148352K, reserved 1179648K
  class space    used 17678K, committed 18560K, reserved 1048576K
}
Event: 257.465 GC heap after
{Heap after GC invocations=551 (full 0):
 garbage-first heap   total 1179648K, used 412820K [0x0000000500000000, 0x0000000800000000)
  region size 8192K, 2 young (16384K), 2 survivors (16384K)
 Metaspace       used 146255K, committed 148352K, reserved 1179648K
  class space    used 17678K, committed 18560K, reserved 1048576K
}
Event: 257.687 GC heap before
{Heap before GC invocations=551 (full 0):
 garbage-first heap   total 1179648K, used 494740K [0x0000000500000000, 0x0000000800000000)
  region size 8192K, 12 young (98304K), 2 survivors (16384K)
 Metaspace       used 146255K, committed 148352K, reserved 1179648K
  class space    used 17678K, committed 18560K, reserved 1048576K
}

