# JRE version: Java(TM) SE Runtime Environment (20.0.2+9) (build 20.0.2+9-78)
# Java VM: Java HotSpot(TM) 64-Bit Server VM (20.0.2+9-78, mixed mode, sharing, tiered, compressed oops, compressed class ptrs, g1 gc, windows-amd64)
GC Precious Log:
 CardTable entry size: 512
 Card Set container configuration: InlinePtr #cards 4 size 8 Array Of Cards #cards 64 size 144 Howl #buckets 8 coarsen threshold 14745 Howl Bitmap #cards 2048 size 272 coarsen threshold 1843 Card regions per heap region 1 cards per card region 16384
 CPUs: 12 total, 12 available
 Memory: 16306M
 Large Page Support: Disabled
 NUMA Support: Disabled
 Compressed Oops: Enabled (Zero based)
 Heap Region Size: 8M
 Heap Min Capacity: 8M
 Heap Initial Capacity: 256M
 Heap Max Capacity: 12G
 Pre-touch: Disabled
 Parallel Workers: 10
 Concurrent Workers: 3
 Concurrent Refinement Workers: 10
 Periodic GC: Disabled
Heap:
 garbage-first heap   total 3358720K, used 828851K [0x0000000500000000, 0x0000000800000000)
  region size 8192K, 1 young (8192K), 1 survivors (8192K)
 Metaspace       used 177884K, committed 180160K, reserved 1245184K
  class space    used 19687K, committed 20544K, reserved 1048576K
GC Heap History (20 events):
Event: 2343.297 GC heap after
{Heap after GC invocations=2524 (full 0):
 garbage-first heap   total 3358720K, used 427157K [0x0000000500000000, 0x0000000800000000)
  region size 8192K, 8 young (65536K), 8 survivors (65536K)
 Metaspace       used 176387K, committed 180032K, reserved 1245184K
  class space    used 19467K, committed 20416K, reserved 1048576K
}
Event: 2356.977 GC heap before
{Heap before GC invocations=2524 (full 0):
 garbage-first heap   total 3358720K, used 2655381K [0x0000000500000000, 0x0000000800000000)
  region size 8192K, 246 young (2015232K), 8 survivors (65536K)
 Metaspace       used 176405K, committed 180032K, reserved 1245184K
  class space    used 19467K, committed 20416K, reserved 1048576K
}
Event: 2357.041 GC heap after
{Heap after GC invocations=2525 (full 0):
 garbage-first heap   total 3358720K, used 635314K [0x0000000500000000, 0x0000000800000000)
  region size 8192K, 31 young (253952K), 31 survivors (253952K)
 Metaspace       used 176405K, committed 180032K, reserved 1245184K
  class space    used 19467K, committed 20416K, reserved 1048576K
}
Event: 2357.676 GC heap before
{Heap before GC invocations=2525 (full 0):
 garbage-first heap   total 3358720K, used 2388402K [0x0000000500000000, 0x0000000800000000)
  region size 8192K, 246 young (2015232K), 31 survivors (253952K)
 Metaspace       used 176405K, committed 180032K, reserved 1245184K
  class space    used 19467K, committed 20416K, reserved 1048576K
}
Event: 2357.794 GC heap after
{Heap after GC invocations=2526 (full 0):
 garbage-first heap   total 3358720K, used 658395K [0x0000000500000000, 0x0000000800000000)
  region size 8192K, 10 young (81920K), 10 survivors (81920K)
 Metaspace       used 176405K, committed 180032K, reserved 1245184K
  class space    used 19467K, committed 20416K, reserved 1048576K
}
Event: 2358.509 GC heap before
{Heap before GC invocations=2526 (full 0):
 garbage-first heap   total 3358720K, used 2583515K [0x0000000500000000, 0x0000000800000000)
  region size 8192K, 246 young (2015232K), 10 survivors (81920K)
 Metaspace       used 176405K, committed 180032K, reserved 1245184K
  class space    used 19467K, committed 20416K, reserved 1048576K
}
Event: 2358.828 GC heap after
{Heap after GC invocations=2527 (full 0):
 garbage-first heap   total 3358720K, used 780735K [0x0000000500000000, 0x0000000800000000)
  region size 8192K, 25 young (204800K), 25 survivors (204800K)
 Metaspace       used 176405K, committed 180032K, reserved 1245184K
  class space    used 19467K, committed 20416K, reserved 1048576K
}
Event: 2359.079 GC heap before
{Heap before GC invocations=2527 (full 0):
 garbage-first heap   total 3358720K, used 1690047K [0x0000000500000000, 0x0000000800000000)
  region size 8192K, 137 young (1122304K), 25 survivors (204800K)
 Metaspace       used 176405K, committed 180032K, reserved 1245184K
  class space    used 19467K, committed 20416K, reserved 1048576K
}
Event: 2359.168 GC heap after
{Heap after GC invocations=2528 (full 0):
 garbage-first heap   total 3358720K, used 790753K [0x0000000500000000, 0x0000000800000000)
  region size 8192K, 4 young (32768K), 4 survivors (32768K)
 Metaspace       used 176405K, committed 180032K, reserved 1245184K
  class space    used 19467K, committed 20416K, reserved 1048576K
}
Event: 2369.118 GC heap before
{Heap before GC invocations=2528 (full 0):
 garbage-first heap   total 3358720K, used 2789601K [0x0000000500000000, 0x0000000800000000)
  region size 8192K, 246 young (2015232K), 4 survivors (32768K)
 Metaspace       used 176450K, committed 180032K, reserved 1245184K
  class space    used 19470K, committed 20416K, reserved 1048576K
}
Event: 2369.128 GC heap after
{Heap after GC invocations=2529 (full 0):
 garbage-first heap   total 3358720K, used 826323K [0x0000000500000000, 0x0000000800000000)
  region size 8192K, 9 young (73728K), 9 survivors (73728K)
 Metaspace       used 176450K, committed 180032K, reserved 1245184K
  class space    used 19470K, committed 20416K, reserved 1048576K
}
Event: 2373.555 GC heap before
{Heap before GC invocations=2529 (full 0):
 garbage-first heap   total 3358720K, used 2816979K [0x0000000500000000, 0x0000000800000000)
  region size 8192K, 246 young (2015232K), 9 survivors (73728K)
 Metaspace       used 177811K, committed 180160K, reserved 1245184K
  class space    used 19685K, committed 20544K, reserved 1048576K
}
Event: 2373.566 GC heap after
{Heap after GC invocations=2530 (full 0):
 garbage-first heap   total 3358720K, used 832459K [0x0000000500000000, 0x0000000800000000)
  region size 8192K, 9 young (73728K), 9 survivors (73728K)
 Metaspace       used 177811K, committed 180160K, reserved 1245184K
  class space    used 19685K, committed 20544K, reserved 1048576K
}
Event: 2376.083 GC heap before
{Heap before GC invocations=2530 (full 0):
 garbage-first heap   total 3358720K, used 2831307K [0x0000000500000000, 0x0000000800000000)
  region size 8192K, 246 young (2015232K), 9 survivors (73728K)
 Metaspace       used 177826K, committed 180160K, reserved 1245184K
  class space    used 19685K, committed 20544K, reserved 1048576K
}
Event: 2376.089 GC heap after
{Heap after GC invocations=2531 (full 0):
 garbage-first heap   total 3358720K, used 798315K [0x0000000500000000, 0x0000000800000000)
  region size 8192K, 5 young (40960K), 5 survivors (40960K)
 Metaspace       used 177826K, committed 180160K, reserved 1245184K
  class space    used 19685K, committed 20544K, reserved 1048576K
}
Event: 3321.646 GC heap before
{Heap before GC invocations=2531 (full 0):
 garbage-first heap   total 3358720K, used 2879083K [0x0000000500000000, 0x0000000800000000)
  region size 8192K, 246 young (2015232K), 5 survivors (40960K)
 Metaspace       used 177881K, committed 180160K, reserved 1245184K
  class space    used 19687K, committed 20544K, reserved 1048576K
}
Event: 3322.503 GC heap after
{Heap after GC invocations=2532 (full 0):
 garbage-first heap   total 3358720K, used 828054K [0x0000000500000000, 0x0000000800000000)
  region size 8192K, 9 young (73728K), 9 survivors (73728K)
 Metaspace       used 177881K, committed 180160K, reserved 1245184K
  class space    used 19687K, committed 20544K, reserved 1048576K
}
Event: 3323.480 GC heap before
{Heap before GC invocations=2532 (full 0):
 garbage-first heap   total 3358720K, used 918166K [0x0000000500000000, 0x0000000800000000)
  region size 8192K, 20 young (163840K), 9 survivors (73728K)
 Metaspace       used 177884K, committed 180160K, reserved 1245184K
  class space    used 19687K, committed 20544K, reserved 1048576K
}
Event: 3323.567 GC heap after
{Heap after GC invocations=2533 (full 0):
 garbage-first heap   total 3358720K, used 829865K [0x0000000500000000, 0x0000000800000000)
  region size 8192K, 1 young (8192K), 1 survivors (8192K)
 Metaspace       used 177884K, committed 180160K, reserved 1245184K
  class space    used 19687K, committed 20544K, reserved 1048576K
}
Event: 3326.849 GC heap before
{Heap before GC invocations=2533 (full 0):
 garbage-first heap   total 3358720K, used 1198505K [0x0000000500000000, 0x0000000800000000)
  region size 8192K, 45 young (368640K), 1 survivors (8192K)
 Metaspace       used 177884K, committed 180160K, reserved 1245184K
  class space    used 19687K, committed 20544K, reserved 1048576K
}

