# JRE version: Java(TM) SE Runtime Environment (20.0.2+9) (build 20.0.2+9-78)
# Java VM: Java HotSpot(TM) 64-Bit Server VM (20.0.2+9-78, mixed mode, sharing, tiered, compressed oops, compressed class ptrs, g1 gc, windows-amd64)
GC Precious Log:
 CardTable entry size: 512
 Card Set container configuration: InlinePtr #cards 4 size 8 Array Of Cards #cards 64 size 144 Howl #buckets 8 coarsen threshold 14745 Howl Bitmap #cards 2048 size 272 coarsen threshold 1843 Card regions per heap region 1 cards per card region 16384
 CPUs: 12 total, 12 available
 Memory: 16306M
 Large Page Support: Disabled
 NUMA Support: Disabled
 Compressed Oops: Enabled (Zero based)
 Heap Region Size: 8M
 Heap Min Capacity: 8M
 Heap Initial Capacity: 256M
 Heap Max Capacity: 12G
 Pre-touch: Disabled
 Parallel Workers: 10
 Concurrent Workers: 3
 Concurrent Refinement Workers: 10
 Periodic GC: Disabled
Heap:
 garbage-first heap   total 2129920K, used 568749K [0x0000000500000000, 0x0000000800000000)
  region size 8192K, 2 young (16384K), 2 survivors (16384K)
 Metaspace       used 149546K, committed 151680K, reserved 1245184K
  class space    used 18081K, committed 19072K, reserved 1048576K
GC Heap History (20 events):
Event: 349.908 GC heap after
{Heap after GC invocations=601 (full 0):
 garbage-first heap   total 1351680K, used 571497K [0x0000000500000000, 0x0000000800000000)
  region size 8192K, 12 young (98304K), 12 survivors (98304K)
 Metaspace       used 149377K, committed 151424K, reserved 1245184K
  class space    used 18055K, committed 19008K, reserved 1048576K
}
Event: 350.693 GC heap before
{Heap before GC invocations=601 (full 0):
 garbage-first heap   total 1351680K, used 1103977K [0x0000000500000000, 0x0000000800000000)
  region size 8192K, 77 young (630784K), 12 survivors (98304K)
 Metaspace       used 149381K, committed 151424K, reserved 1245184K
  class space    used 18055K, committed 19008K, reserved 1048576K
}
Event: 350.711 GC heap after
{Heap after GC invocations=602 (full 0):
 garbage-first heap   total 1351680K, used 578322K [0x0000000500000000, 0x0000000800000000)
  region size 8192K, 10 young (81920K), 10 survivors (81920K)
 Metaspace       used 149381K, committed 151424K, reserved 1245184K
  class space    used 18055K, committed 19008K, reserved 1048576K
}
Event: 350.794 GC heap before
{Heap before GC invocations=602 (full 0):
 garbage-first heap   total 1351680K, used 1086226K [0x0000000500000000, 0x0000000800000000)
  region size 8192K, 72 young (589824K), 10 survivors (81920K)
 Metaspace       used 149381K, committed 151424K, reserved 1245184K
  class space    used 18055K, committed 19008K, reserved 1048576K
}
Event: 350.803 GC heap after
{Heap after GC invocations=603 (full 0):
 garbage-first heap   total 1351680K, used 572803K [0x0000000500000000, 0x0000000800000000)
  region size 8192K, 2 young (16384K), 2 survivors (16384K)
 Metaspace       used 149381K, committed 151424K, reserved 1245184K
  class space    used 18055K, committed 19008K, reserved 1048576K
}
Event: 350.987 GC heap before
{Heap before GC invocations=603 (full 0):
 garbage-first heap   total 1351680K, used 695683K [0x0000000500000000, 0x0000000800000000)
  region size 8192K, 19 young (155648K), 2 survivors (16384K)
 Metaspace       used 149381K, committed 151424K, reserved 1245184K
  class space    used 18055K, committed 19008K, reserved 1048576K
}
Event: 351.279 GC heap after
{Heap after GC invocations=604 (full 0):
 garbage-first heap   total 2129920K, used 567009K [0x0000000500000000, 0x0000000800000000)
  region size 8192K, 2 young (16384K), 2 survivors (16384K)
 Metaspace       used 149381K, committed 151424K, reserved 1245184K
  class space    used 18055K, committed 19008K, reserved 1048576K
}
Event: 354.235 GC heap before
{Heap before GC invocations=604 (full 0):
 garbage-first heap   total 2129920K, used 1754849K [0x0000000500000000, 0x0000000800000000)
  region size 8192K, 139 young (1138688K), 2 survivors (16384K)
 Metaspace       used 149540K, committed 151552K, reserved 1245184K
  class space    used 18079K, committed 19008K, reserved 1048576K
}
Event: 354.241 GC heap after
{Heap after GC invocations=605 (full 0):
 garbage-first heap   total 2129920K, used 595486K [0x0000000500000000, 0x0000000800000000)
  region size 8192K, 4 young (32768K), 4 survivors (32768K)
 Metaspace       used 149540K, committed 151552K, reserved 1245184K
  class space    used 18079K, committed 19008K, reserved 1048576K
}
Event: 355.182 GC heap before
{Heap before GC invocations=605 (full 0):
 garbage-first heap   total 2129920K, used 1365534K [0x0000000500000000, 0x0000000800000000)
  region size 8192K, 96 young (786432K), 4 survivors (32768K)
 Metaspace       used 149543K, committed 151552K, reserved 1245184K
  class space    used 18080K, committed 19008K, reserved 1048576K
}
Event: 355.186 GC heap after
{Heap after GC invocations=606 (full 0):
 garbage-first heap   total 2129920K, used 569348K [0x0000000500000000, 0x0000000800000000)
  region size 8192K, 2 young (16384K), 2 survivors (16384K)
 Metaspace       used 149543K, committed 151552K, reserved 1245184K
  class space    used 18080K, committed 19008K, reserved 1048576K
}
Event: 355.212 GC heap before
{Heap before GC invocations=606 (full 0):
 garbage-first heap   total 2129920K, used 585732K [0x0000000500000000, 0x0000000800000000)
  region size 8192K, 4 young (32768K), 2 survivors (16384K)
 Metaspace       used 149543K, committed 151552K, reserved 1245184K
  class space    used 18080K, committed 19008K, reserved 1048576K
}
Event: 355.215 GC heap after
{Heap after GC invocations=607 (full 0):
 garbage-first heap   total 2129920K, used 568959K [0x0000000500000000, 0x0000000800000000)
  region size 8192K, 2 young (16384K), 2 survivors (16384K)
 Metaspace       used 149543K, committed 151552K, reserved 1245184K
  class space    used 18080K, committed 19008K, reserved 1048576K
}
Event: 355.236 GC heap before
{Heap before GC invocations=607 (full 0):
 garbage-first heap   total 2129920K, used 585343K [0x0000000500000000, 0x0000000800000000)
  region size 8192K, 4 young (32768K), 2 survivors (16384K)
 Metaspace       used 149544K, committed 151552K, reserved 1245184K
  class space    used 18080K, committed 19008K, reserved 1048576K
}
Event: 355.238 GC heap after
{Heap after GC invocations=608 (full 0):
 garbage-first heap   total 2129920K, used 568509K [0x0000000500000000, 0x0000000800000000)
  region size 8192K, 2 young (16384K), 2 survivors (16384K)
 Metaspace       used 149544K, committed 151552K, reserved 1245184K
  class space    used 18080K, committed 19008K, reserved 1048576K
}
Event: 355.725 GC heap before
{Heap before GC invocations=608 (full 0):
 garbage-first heap   total 2129920K, used 1010877K [0x0000000500000000, 0x0000000800000000)
  region size 8192K, 55 young (450560K), 2 survivors (16384K)
 Metaspace       used 149545K, committed 151680K, reserved 1245184K
  class space    used 18081K, committed 19072K, reserved 1048576K
}
Event: 355.729 GC heap after
{Heap after GC invocations=609 (full 0):
 garbage-first heap   total 2129920K, used 568650K [0x0000000500000000, 0x0000000800000000)
  region size 8192K, 2 young (16384K), 2 survivors (16384K)
 Metaspace       used 149545K, committed 151680K, reserved 1245184K
  class space    used 18081K, committed 19072K, reserved 1048576K
}
Event: 355.786 GC heap before
{Heap before GC invocations=609 (full 0):
 garbage-first heap   total 2129920K, used 634186K [0x0000000500000000, 0x0000000800000000)
  region size 8192K, 9 young (73728K), 2 survivors (16384K)
 Metaspace       used 149546K, committed 151680K, reserved 1245184K
  class space    used 18081K, committed 19072K, reserved 1048576K
}
Event: 355.791 GC heap after
{Heap after GC invocations=610 (full 0):
 garbage-first heap   total 2129920K, used 578207K [0x0000000500000000, 0x0000000800000000)
  region size 8192K, 3 young (24576K), 3 survivors (24576K)
 Metaspace       used 149546K, committed 151680K, reserved 1245184K
  class space    used 18081K, committed 19072K, reserved 1048576K
}
Event: 356.218 GC heap before
{Heap before GC invocations=610 (full 0):
 garbage-first heap   total 2129920K, used 1028767K [0x0000000500000000, 0x0000000800000000)
  region size 8192K, 56 young (458752K), 3 survivors (24576K)
 Metaspace       used 149546K, committed 151680K, reserved 1245184K
  class space    used 18081K, committed 19072K, reserved 1048576K
}

